android/app/build/intermediates/manifest_merge_blame_file/debug/processDebugMainManifest/manifest-merger-blame-debug-report.txt
1<?xml version="1.0" encoding="utf-8"?>
2<manifest xmlns:android="http://schemas.android.com/apk/res/android"
3    package="uk.fieldhub.inventory"
4    android:versionCode="1"
5    android:versionName="1.0" >
6
7    <uses-sdk
8        android:minSdkVersion="26"
9        android:targetSdkVersion="34" />
10
11    <uses-permission android:name="android.permission.INTERNET" />
11-->src\main\AndroidManifest.xml:4:5-67
11-->src\main\AndroidManifest.xml:4:22-64
12    <uses-permission android:name="android.permission.ACCESS_NETWORK_STATE" />
12-->src\main\AndroidManifest.xml:5:5-79
12-->src\main\AndroidManifest.xml:5:22-76
13    <uses-permission android:name="android.permission.CAMERA" />
13-->src\main\AndroidManifest.xml:6:5-65
13-->src\main\AndroidManifest.xml:6:22-62
14    <uses-permission android:name="android.permission.NFC" />
14-->src\main\AndroidManifest.xml:7:5-62
14-->src\main\AndroidManifest.xml:7:22-59
15    <uses-permission
15-->src\main\AndroidManifest.xml:8:5-107
16        android:name="android.permission.READ_EXTERNAL_STORAGE"
16-->src\main\AndroidManifest.xml:8:22-77
17        android:maxSdkVersion="32" />
17-->src\main\AndroidManifest.xml:8:78-104
18    <uses-permission
18-->src\main\AndroidManifest.xml:9:5-108
19        android:name="android.permission.WRITE_EXTERNAL_STORAGE"
19-->src\main\AndroidManifest.xml:9:22-78
20        android:maxSdkVersion="28" />
20-->src\main\AndroidManifest.xml:9:79-105
21    <uses-permission android:name="android.permission.READ_MEDIA_IMAGES" />
21-->src\main\AndroidManifest.xml:10:5-76
21-->src\main\AndroidManifest.xml:10:22-73
22    <uses-permission android:name="android.permission.READ_MEDIA_VIDEO" />
22-->src\main\AndroidManifest.xml:11:5-75
22-->src\main\AndroidManifest.xml:11:22-72
23
24    <uses-feature
24-->src\main\AndroidManifest.xml:13:5-85
25        android:name="android.hardware.camera"
25-->src\main\AndroidManifest.xml:13:19-57
26        android:required="false" />
26-->src\main\AndroidManifest.xml:13:58-82
27    <uses-feature
27-->src\main\AndroidManifest.xml:14:5-95
28        android:name="android.hardware.camera.autofocus"
28-->src\main\AndroidManifest.xml:14:19-67
29        android:required="false" />
29-->src\main\AndroidManifest.xml:14:68-92
30    <uses-feature
30-->src\main\AndroidManifest.xml:15:5-82
31        android:name="android.hardware.nfc"
31-->src\main\AndroidManifest.xml:15:19-54
32        android:required="false" />
32-->src\main\AndroidManifest.xml:15:55-79
33
34    <permission
34-->[androidx.core:core:1.13.1] AndroidManifest.xml:22:5-24:47
35        android:name="uk.fieldhub.inventory.DYNAMIC_RECEIVER_NOT_EXPORTED_PERMISSION"
35-->[androidx.core:core:1.13.1] AndroidManifest.xml:23:9-81
36        android:protectionLevel="signature" />
36-->[androidx.core:core:1.13.1] AndroidManifest.xml:24:9-44
37
38    <uses-permission android:name="uk.fieldhub.inventory.DYNAMIC_RECEIVER_NOT_EXPORTED_PERMISSION" />
38-->[androidx.core:core:1.13.1] AndroidManifest.xml:26:5-97
38-->[androidx.core:core:1.13.1] AndroidManifest.xml:26:22-94
39
40    <application
40-->src\main\AndroidManifest.xml:17:5-54:19
41        android:allowBackup="true"
41-->src\main\AndroidManifest.xml:18:9-35
42        android:appComponentFactory="androidx.core.app.CoreComponentFactory"
42-->[androidx.core:core:1.13.1] AndroidManifest.xml:28:18-86
43        android:debuggable="true"
44        android:extractNativeLibs="false"
45        android:icon="@mipmap/ic_launcher"
45-->src\main\AndroidManifest.xml:19:9-43
46        android:label="@string/app_name"
46-->src\main\AndroidManifest.xml:20:9-41
47        android:roundIcon="@mipmap/ic_launcher_round"
47-->src\main\AndroidManifest.xml:21:9-54
48        android:supportsRtl="true"
48-->src\main\AndroidManifest.xml:22:9-35
49        android:theme="@style/AppTheme" >
49-->src\main\AndroidManifest.xml:23:9-40
50        <provider
51            android:name="androidx.core.content.FileProvider"
51-->src\main\AndroidManifest.xml:26:13-62
52            android:authorities="uk.fieldhub.inventory.fileprovider"
52-->src\main\AndroidManifest.xml:27:13-64
53            android:exported="false"
53-->src\main\AndroidManifest.xml:28:13-37
54            android:grantUriPermissions="true" >
54-->src\main\AndroidManifest.xml:29:13-47
55            <meta-data
55-->src\main\AndroidManifest.xml:30:13-32:54
56                android:name="android.support.FILE_PROVIDER_PATHS"
56-->src\main\AndroidManifest.xml:31:17-67
57                android:resource="@xml/file_paths" />
57-->src\main\AndroidManifest.xml:32:17-51
58        </provider>
59
60        <activity
60-->src\main\AndroidManifest.xml:35:9-53:20
61            android:name="uk.fieldhub.inventory.MainActivity"
61-->src\main\AndroidManifest.xml:36:13-41
62            android:configChanges="keyboard|keyboardHidden|orientation|screenLayout|screenSize|smallestScreenSize|uiMode"
62-->src\main\AndroidManifest.xml:37:13-122
63            android:exported="true"
63-->src\main\AndroidManifest.xml:38:13-36
64            android:launchMode="singleTop" >
64-->src\main\AndroidManifest.xml:39:13-43
65            <intent-filter>
65-->src\main\AndroidManifest.xml:40:13-43:29
66                <action android:name="android.intent.action.MAIN" />
66-->src\main\AndroidManifest.xml:41:17-69
66-->src\main\AndroidManifest.xml:41:25-66
67
68                <category android:name="android.intent.category.LAUNCHER" />
68-->src\main\AndroidManifest.xml:42:17-77
68-->src\main\AndroidManifest.xml:42:27-74
69            </intent-filter>
70            <intent-filter>
70-->src\main\AndroidManifest.xml:44:13-48:29
71                <action android:name="android.nfc.action.NDEF_DISCOVERED" />
71-->src\main\AndroidManifest.xml:45:17-77
71-->src\main\AndroidManifest.xml:45:25-74
72
73                <category android:name="android.intent.category.DEFAULT" />
73-->src\main\AndroidManifest.xml:46:17-76
73-->src\main\AndroidManifest.xml:46:27-73
74
75                <data android:mimeType="text/plain" />
75-->src\main\AndroidManifest.xml:47:17-55
75-->src\main\AndroidManifest.xml:47:23-52
76            </intent-filter>
77            <intent-filter>
77-->src\main\AndroidManifest.xml:49:13-52:29
78                <action android:name="android.nfc.action.TAG_DISCOVERED" />
78-->src\main\AndroidManifest.xml:50:17-76
78-->src\main\AndroidManifest.xml:50:25-73
79
80                <category android:name="android.intent.category.DEFAULT" />
80-->src\main\AndroidManifest.xml:46:17-76
80-->src\main\AndroidManifest.xml:46:27-73
81            </intent-filter>
82        </activity>
83
84        <provider
84-->[androidx.profileinstaller:profileinstaller:1.3.0] AndroidManifest.xml:24:9-32:20
85            android:name="androidx.startup.InitializationProvider"
85-->[androidx.profileinstaller:profileinstaller:1.3.0] AndroidManifest.xml:25:13-67
86            android:authorities="uk.fieldhub.inventory.androidx-startup"
86-->[androidx.profileinstaller:profileinstaller:1.3.0] AndroidManifest.xml:26:13-68
87            android:exported="false" >
87-->[androidx.profileinstaller:profileinstaller:1.3.0] AndroidManifest.xml:27:13-37
88            <meta-data
88-->[androidx.profileinstaller:profileinstaller:1.3.0] AndroidManifest.xml:29:13-31:52
89                android:name="androidx.profileinstaller.ProfileInstallerInitializer"
89-->[androidx.profileinstaller:profileinstaller:1.3.0] AndroidManifest.xml:30:17-85
90                android:value="androidx.startup" />
90-->[androidx.profileinstaller:profileinstaller:1.3.0] AndroidManifest.xml:31:17-49
91        </provider>
92
93        <receiver
93-->[androidx.profileinstaller:profileinstaller:1.3.0] AndroidManifest.xml:34:9-52:20
94            android:name="androidx.profileinstaller.ProfileInstallReceiver"
94-->[androidx.profileinstaller:profileinstaller:1.3.0] AndroidManifest.xml:35:13-76
95            android:directBootAware="false"
95-->[androidx.profileinstaller:profileinstaller:1.3.0] AndroidManifest.xml:36:13-44
96            android:enabled="true"
96-->[androidx.profileinstaller:profileinstaller:1.3.0] AndroidManifest.xml:37:13-35
97            android:exported="true"
97-->[androidx.profileinstaller:profileinstaller:1.3.0] AndroidManifest.xml:38:13-36
98            android:permission="android.permission.DUMP" >
98-->[androidx.profileinstaller:profileinstaller:1.3.0] AndroidManifest.xml:39:13-57
99            <intent-filter>
99-->[androidx.profileinstaller:profileinstaller:1.3.0] AndroidManifest.xml:40:13-42:29
100                <action android:name="androidx.profileinstaller.action.INSTALL_PROFILE" />
100-->[androidx.profileinstaller:profileinstaller:1.3.0] AndroidManifest.xml:41:17-91
100-->[androidx.profileinstaller:profileinstaller:1.3.0] AndroidManifest.xml:41:25-88
101            </intent-filter>
102            <intent-filter>
102-->[androidx.profileinstaller:profileinstaller:1.3.0] AndroidManifest.xml:43:13-45:29
103                <action android:name="androidx.profileinstaller.action.SKIP_FILE" />
103-->[androidx.profileinstaller:profileinstaller:1.3.0] AndroidManifest.xml:44:17-85
103-->[androidx.profileinstaller:profileinstaller:1.3.0] AndroidManifest.xml:44:25-82
104            </intent-filter>
105            <intent-filter>
105-->[androidx.profileinstaller:profileinstaller:1.3.0] AndroidManifest.xml:46:13-48:29
106                <action android:name="androidx.profileinstaller.action.SAVE_PROFILE" />
106-->[androidx.profileinstaller:profileinstaller:1.3.0] AndroidManifest.xml:47:17-88
106-->[androidx.profileinstaller:profileinstaller:1.3.0] AndroidManifest.xml:47:25-85
107            </intent-filter>
108            <intent-filter>
108-->[androidx.profileinstaller:profileinstaller:1.3.0] AndroidManifest.xml:49:13-51:29
109                <action android:name="androidx.profileinstaller.action.BENCHMARK_OPERATION" />
109-->[androidx.profileinstaller:profileinstaller:1.3.0] AndroidManifest.xml:50:17-95
109-->[androidx.profileinstaller:profileinstaller:1.3.0] AndroidManifest.xml:50:25-92
110            </intent-filter>
111        </receiver>
112    </application>
113
114</manifest>